<?xml version="1.0" encoding="UTF-8"?>
<!-- Generated by org.testng.reporters.JUnitReportReporter -->
<testsuite skipped="0" hostname="LP-PC0MQFYK" name="Com.crm.qa.TestCases.NewContactsPageTest" tests="1" failures="0" timestamp="27 Jul 2018 04:35:40 GMT" time="31.136" errors="0">
  <testcase name="ClickingOnNewContactPageTest" time="31.136" classname="Com.crm.qa.TestCases.NewContactsPageTest"/>
</testsuite> <!-- Com.crm.qa.TestCases.NewContactsPageTest -->
