<?xml version="1.0" encoding="UTF-8"?>
<!-- Generated by org.testng.reporters.JUnitReportReporter -->
<testsuite skipped="0" hostname="LP-PC0MQFYK" name="Com.crm.qa.TestCases.SignUpPageTest" tests="1" failures="0" timestamp="27 Jul 2018 04:35:40 GMT" time="13.834" errors="0">
  <testcase name="LoginPageFreeCRMTitleTest" time="13.834" classname="Com.crm.qa.TestCases.SignUpPageTest"/>
</testsuite> <!-- Com.crm.qa.TestCases.SignUpPageTest -->
